0 info it worked if it ends with ok
1 verbose cli [ '/usr/local/bin/node', '/usr/local/bin/npm', 'run', 's' ]
2 info using npm@4.1.2
3 info using node@v7.7.3
4 verbose run-script [ 'pres', 's', 'posts' ]
5 info lifecycle tree-logic@0.1.0~pres: tree-logic@0.1.0
6 silly lifecycle tree-logic@0.1.0~pres: no script for pres, continuing
7 info lifecycle tree-logic@0.1.0~s: tree-logic@0.1.0
8 verbose lifecycle tree-logic@0.1.0~s: unsafe-perm in lifecycle true
9 verbose lifecycle tree-logic@0.1.0~s: PATH: /usr/local/lib/node_modules/npm/bin/node-gyp-bin:/Users/GrifreeMac/Documents/github/tree-logic/node_modules/.bin:/usr/local/bin:/usr/bin:/bin:/usr/sbin:/sbin:/opt/X11/bin
10 verbose lifecycle tree-logic@0.1.0~s: CWD: /Users/GrifreeMac/Documents/github/tree-logic
11 silly lifecycle tree-logic@0.1.0~s: Args: [ '-c', 'node ./compile/open && node ./compile/server' ]
12 silly lifecycle tree-logic@0.1.0~s: Returned: code: 1  signal: null
13 info lifecycle tree-logic@0.1.0~s: Failed to exec s script
14 verbose stack Error: tree-logic@0.1.0 s: `node ./compile/open && node ./compile/server`
14 verbose stack Exit status 1
14 verbose stack     at EventEmitter.<anonymous> (/usr/local/lib/node_modules/npm/lib/utils/lifecycle.js:279:16)
14 verbose stack     at emitTwo (events.js:106:13)
14 verbose stack     at EventEmitter.emit (events.js:194:7)
14 verbose stack     at ChildProcess.<anonymous> (/usr/local/lib/node_modules/npm/lib/utils/spawn.js:40:14)
14 verbose stack     at emitTwo (events.js:106:13)
14 verbose stack     at ChildProcess.emit (events.js:194:7)
14 verbose stack     at maybeClose (internal/child_process.js:899:16)
14 verbose stack     at Process.ChildProcess._handle.onexit (internal/child_process.js:226:5)
15 verbose pkgid tree-logic@0.1.0
16 verbose cwd /Users/GrifreeMac/Documents/github/tree-logic
17 error Darwin 15.3.0
18 error argv "/usr/local/bin/node" "/usr/local/bin/npm" "run" "s"
19 error node v7.7.3
20 error npm  v4.1.2
21 error code ELIFECYCLE
22 error tree-logic@0.1.0 s: `node ./compile/open && node ./compile/server`
22 error Exit status 1
23 error Failed at the tree-logic@0.1.0 s script 'node ./compile/open && node ./compile/server'.
23 error Make sure you have the latest version of node.js and npm installed.
23 error If you do, this is most likely a problem with the tree-logic package,
23 error not with npm itself.
23 error Tell the author that this fails on your system:
23 error     node ./compile/open && node ./compile/server
23 error You can get information on how to open an issue for this project with:
23 error     npm bugs tree-logic
23 error Or if that isn't available, you can get their info via:
23 error     npm owner ls tree-logic
23 error There is likely additional logging output above.
24 verbose exit [ 1, true ]
